e:\v12_projects\sinkhole_attack_in_rpl_v12.0\workspace_sinkhole_attack_rpl\src\simulation\ip\x64\debug\vc142.pdb
e:\v12_projects\sinkhole_attack_in_rpl_v12.0\workspace_sinkhole_attack_rpl\src\simulation\ip\x64\debug\vc142.idb
e:\v12_projects\sinkhole_attack_in_rpl_v12.0\workspace_sinkhole_attack_rpl\src\simulation\ip\x64\debug\pim_route_msg.obj
e:\v12_projects\sinkhole_attack_in_rpl_v12.0\workspace_sinkhole_attack_rpl\src\simulation\ip\x64\debug\pim_route.obj
e:\v12_projects\sinkhole_attack_in_rpl_v12.0\workspace_sinkhole_attack_rpl\src\simulation\ip\x64\debug\pim_print.obj
e:\v12_projects\sinkhole_attack_in_rpl_v12.0\workspace_sinkhole_attack_rpl\src\simulation\ip\x64\debug\pim_neighbor.obj
e:\v12_projects\sinkhole_attack_in_rpl_v12.0\workspace_sinkhole_attack_rpl\src\simulation\ip\x64\debug\pim_msg.obj
e:\v12_projects\sinkhole_attack_in_rpl_v12.0\workspace_sinkhole_attack_rpl\src\simulation\ip\x64\debug\pim_join.obj
e:\v12_projects\sinkhole_attack_in_rpl_v12.0\workspace_sinkhole_attack_rpl\src\simulation\ip\x64\debug\pim_hello.obj
e:\v12_projects\sinkhole_attack_in_rpl_v12.0\workspace_sinkhole_attack_rpl\src\simulation\ip\x64\debug\pim_group.obj
e:\v12_projects\sinkhole_attack_in_rpl_v12.0\workspace_sinkhole_attack_rpl\src\simulation\ip\x64\debug\pim_config.obj
e:\v12_projects\sinkhole_attack_in_rpl_v12.0\workspace_sinkhole_attack_rpl\src\simulation\ip\x64\debug\nat.obj
e:\v12_projects\sinkhole_attack_in_rpl_v12.0\workspace_sinkhole_attack_rpl\src\simulation\ip\x64\debug\multicast.obj
e:\v12_projects\sinkhole_attack_in_rpl_v12.0\workspace_sinkhole_attack_rpl\src\simulation\ip\x64\debug\ip_utility.obj
e:\v12_projects\sinkhole_attack_in_rpl_v12.0\workspace_sinkhole_attack_rpl\src\simulation\ip\x64\debug\ip_routing.obj
e:\v12_projects\sinkhole_attack_in_rpl_v12.0\workspace_sinkhole_attack_rpl\src\simulation\ip\x64\debug\ip.obj
e:\v12_projects\sinkhole_attack_in_rpl_v12.0\workspace_sinkhole_attack_rpl\src\simulation\ip\x64\debug\igmp_router.obj
e:\v12_projects\sinkhole_attack_in_rpl_v12.0\workspace_sinkhole_attack_rpl\src\simulation\ip\x64\debug\igmp_msg.obj
e:\v12_projects\sinkhole_attack_in_rpl_v12.0\workspace_sinkhole_attack_rpl\src\simulation\ip\x64\debug\igmp_host.obj
e:\v12_projects\sinkhole_attack_in_rpl_v12.0\workspace_sinkhole_attack_rpl\src\simulation\ip\x64\debug\igmp.obj
e:\v12_projects\sinkhole_attack_in_rpl_v12.0\workspace_sinkhole_attack_rpl\src\simulation\ip\x64\debug\icmp.obj
e:\v12_projects\sinkhole_attack_in_rpl_v12.0\workspace_sinkhole_attack_rpl\src\simulation\ip\x64\debug\dns.obj
e:\v12_projects\sinkhole_attack_in_rpl_v12.0\workspace_sinkhole_attack_rpl\src\simulation\ip\x64\debug\vpn.obj
e:\v12_projects\sinkhole_attack_in_rpl_v12.0\workspace_sinkhole_attack_rpl\src\simulation\ip\x64\debug\pim_sm.obj
e:\v12_projects\sinkhole_attack_in_rpl_v12.0\workspace_sinkhole_attack_rpl\bin\bin_x64\ip.lib
e:\v12_projects\sinkhole_attack_in_rpl_v12.0\workspace_sinkhole_attack_rpl\bin\bin_x64\ip.exp
e:\v12_projects\sinkhole_attack_in_rpl_v12.0\workspace_sinkhole_attack_rpl\bin\bin_x64\libip.dll
e:\v12_projects\sinkhole_attack_in_rpl_v12.0\workspace_sinkhole_attack_rpl\bin\bin_x64\ip.pdb
e:\v12_projects\sinkhole_attack_in_rpl_v12.0\workspace_sinkhole_attack_rpl\src\simulation\ip\x64\debug\ip.tlog\cl.command.1.tlog
e:\v12_projects\sinkhole_attack_in_rpl_v12.0\workspace_sinkhole_attack_rpl\src\simulation\ip\x64\debug\ip.tlog\cl.read.1.tlog
e:\v12_projects\sinkhole_attack_in_rpl_v12.0\workspace_sinkhole_attack_rpl\src\simulation\ip\x64\debug\ip.tlog\cl.write.1.tlog
e:\v12_projects\sinkhole_attack_in_rpl_v12.0\workspace_sinkhole_attack_rpl\src\simulation\ip\x64\debug\ip.tlog\ip.write.1u.tlog
e:\v12_projects\sinkhole_attack_in_rpl_v12.0\workspace_sinkhole_attack_rpl\src\simulation\ip\x64\debug\ip.tlog\link.command.1.tlog
e:\v12_projects\sinkhole_attack_in_rpl_v12.0\workspace_sinkhole_attack_rpl\src\simulation\ip\x64\debug\ip.tlog\link.read.1.tlog
e:\v12_projects\sinkhole_attack_in_rpl_v12.0\workspace_sinkhole_attack_rpl\src\simulation\ip\x64\debug\ip.tlog\link.write.1.tlog
