e:\v12_projects\sinkhole_attack_in_rpl_v12.0\workspace_sinkhole_attack_rpl\src\simulation\rpl\x64\debug\vc142.pdb
e:\v12_projects\sinkhole_attack_in_rpl_v12.0\workspace_sinkhole_attack_rpl\src\simulation\rpl\x64\debug\vc142.idb
e:\v12_projects\sinkhole_attack_in_rpl_v12.0\workspace_sinkhole_attack_rpl\src\simulation\rpl\x64\debug\trickle.obj
e:\v12_projects\sinkhole_attack_in_rpl_v12.0\workspace_sinkhole_attack_rpl\src\simulation\rpl\x64\debug\sequencenumber.obj
e:\v12_projects\sinkhole_attack_in_rpl_v12.0\workspace_sinkhole_attack_rpl\src\simulation\rpl\x64\debug\rpl_message.obj
e:\v12_projects\sinkhole_attack_in_rpl_v12.0\workspace_sinkhole_attack_rpl\src\simulation\rpl\x64\debug\rpl_enum.obj
e:\v12_projects\sinkhole_attack_in_rpl_v12.0\workspace_sinkhole_attack_rpl\src\simulation\rpl\x64\debug\rpl.obj
e:\v12_projects\sinkhole_attack_in_rpl_v12.0\workspace_sinkhole_attack_rpl\src\simulation\rpl\x64\debug\neighbor.obj
e:\v12_projects\sinkhole_attack_in_rpl_v12.0\workspace_sinkhole_attack_rpl\src\simulation\rpl\x64\debug\malicious.obj
e:\v12_projects\sinkhole_attack_in_rpl_v12.0\workspace_sinkhole_attack_rpl\src\simulation\rpl\x64\debug\dodag.obj
e:\v12_projects\sinkhole_attack_in_rpl_v12.0\workspace_sinkhole_attack_rpl\src\simulation\rpl\x64\debug\dis.obj
e:\v12_projects\sinkhole_attack_in_rpl_v12.0\workspace_sinkhole_attack_rpl\src\simulation\rpl\x64\debug\dio.obj
e:\v12_projects\sinkhole_attack_in_rpl_v12.0\workspace_sinkhole_attack_rpl\src\simulation\rpl\x64\debug\dao.obj
e:\v12_projects\sinkhole_attack_in_rpl_v12.0\workspace_sinkhole_attack_rpl\bin\bin_x64\librpl.dll
e:\v12_projects\sinkhole_attack_in_rpl_v12.0\workspace_sinkhole_attack_rpl\bin\bin_x64\rpl.pdb
e:\v12_projects\sinkhole_attack_in_rpl_v12.0\workspace_sinkhole_attack_rpl\bin\bin_x64\rpl.lib
e:\v12_projects\sinkhole_attack_in_rpl_v12.0\workspace_sinkhole_attack_rpl\bin\bin_x64\rpl.exp
e:\v12_projects\sinkhole_attack_in_rpl_v12.0\workspace_sinkhole_attack_rpl\src\simulation\rpl\x64\debug\rpl.tlog\cl.command.1.tlog
e:\v12_projects\sinkhole_attack_in_rpl_v12.0\workspace_sinkhole_attack_rpl\src\simulation\rpl\x64\debug\rpl.tlog\cl.read.1.tlog
e:\v12_projects\sinkhole_attack_in_rpl_v12.0\workspace_sinkhole_attack_rpl\src\simulation\rpl\x64\debug\rpl.tlog\cl.write.1.tlog
e:\v12_projects\sinkhole_attack_in_rpl_v12.0\workspace_sinkhole_attack_rpl\src\simulation\rpl\x64\debug\rpl.tlog\link.command.1.tlog
e:\v12_projects\sinkhole_attack_in_rpl_v12.0\workspace_sinkhole_attack_rpl\src\simulation\rpl\x64\debug\rpl.tlog\link.read.1.tlog
e:\v12_projects\sinkhole_attack_in_rpl_v12.0\workspace_sinkhole_attack_rpl\src\simulation\rpl\x64\debug\rpl.tlog\link.write.1.tlog
e:\v12_projects\sinkhole_attack_in_rpl_v12.0\workspace_sinkhole_attack_rpl\src\simulation\rpl\x64\debug\rpl.tlog\rpl.write.1u.tlog
